{"filmeSalvo":{"__v":0,"_id":"656d4f8fd14ab12b75f393ea","dataLancamento":"2003-12-22T00:00:00.000Z","descricao":"asdasdasd","nome":"teste logger"},"level":"info","message":"Um filme foi adicionado"}
{"filmeSalvo":{"__v":0,"_id":"656d4fb2d14ab12b75f393f3","dataLancamento":"2003-12-22T00:00:00.000Z","descricao":"asdasdasd","nome":"teste logger 2"},"level":"info","message":"Um filme foi adicionado"}
{"busca":{"__v":0,"_id":"656d50b179823ecd1301a619","dataBusca":"2023-12-04T04:07:37.094Z","termoBuscado":"/joker/i","usuarioId":"655f9b8f0e25a3ced291e968"},"level":"info","message":"busca registrada com sucesso!!!"}
{"filmeSalvo":{"__v":0,"_id":"656d50c579823ecd1301a61c","dataLancamento":"2003-12-22T00:00:00.000Z","descricao":"asdasdasd","nome":"teste logger 3"},"level":"info","message":"Um filme foi adicionado"}
{"busca":{"__v":0,"_id":"656d50d379823ecd1301a622","dataBusca":"2023-12-04T04:07:37.094Z","termoBuscado":"/logger/i","usuarioId":"655f9b8f0e25a3ced291e968"},"level":"info","message":"busca registrada com sucesso!!!"}
{"busca":{"__v":0,"_id":"656d514a79823ecd1301a626","dataBusca":"2023-12-04T04:07:37.094Z","termoBuscado":"/batman/i","usuarioId":"655f9b8f0e25a3ced291e968"},"level":"info","message":"busca registrada com sucesso!!!"}
{"filmeSalvo":{"__v":0,"_id":"656d516379823ecd1301a629","dataLancamento":"2003-12-22T00:00:00.000Z","descricao":"asdasd","nome":"logger 4"},"level":"info","message":"Um filme foi adicionado"}
{"busca":{"__v":0,"_id":"656d52b179823ecd1301a632","dataBusca":"2023-12-04T04:07:37.094Z","termoBuscado":"/redis/i","usuarioId":"655f9c190e25a3ced291e96a"},"level":"info","message":"busca registrada com sucesso!!!"}
{"filmeSalvo":{"__v":0,"_id":"656d52eb79823ecd1301a635","dataLancamento":"2003-12-22T00:00:00.000Z","descricao":"asdasdasasd","nome":"teste"},"level":"info","message":"Um filme foi adicionado"}
{"level":"error","message":"Erro, token invalido"}
{"level":"error","message":"Erro, token nao fornecido"}
{"level":"error","message":"Erro, token invalido"}
{"busca":{"__v":0,"_id":"656d53b94e4acda6b712ebd3","dataBusca":"2023-12-04T04:20:13.675Z","termoBuscado":"/batman/i","usuarioId":"655f9c190e25a3ced291e96a"},"level":"info","message":"busca registrada com sucesso!!!"}
{"level":"error","message":"Erro, ha alguns caracteres invalidos no campo nome"}
{"level":"error","message":"Erro, ha alguns caracteres invalidos no campo descricao"}
{"level":"error","message":"Erro, ha alguns caracteres invalidos no campo nome"}
{"filmeSalvo":{"__v":0,"_id":"656d54f9ff36de3af0eeb681","dataLancamento":"2003-12-22T00:00:00.000Z","descricao":"asdasd","nome":"teste"},"level":"info","message":"Um filme foi adicionado"}
{"busca":{"__v":0,"_id":"656dc9c11645c4dd8ac0e426","dataBusca":"2023-12-04T12:12:44.521Z","termoBuscado":"/batman/i","usuarioId":"655f9b8f0e25a3ced291e968"},"level":"info","message":"busca registrada com sucesso!!!"}
{"level":"error","message":"Erro, token invalido"}
{"level":"error","message":"Erro, token invalido"}
{"busca":{"__v":0,"_id":"656dcd0a219a6da52e270fee","dataBusca":"2023-12-04T12:58:03.975Z","termoBuscado":"/joker/i","usuarioId":"655f9b8f0e25a3ced291e968"},"level":"info","message":"busca registrada com sucesso!!!"}
{"filmeSalvo":{"__v":0,"_id":"656dcd16219a6da52e270ff2","dataLancamento":"2003-12-22T00:00:00.000Z","descricao":"asdasdasd","nome":"asdasd"},"level":"info","message":"Um filme foi adicionado"}
{"level":"error","message":"Erro, token invalido"}
{"busca":{"__v":0,"_id":"656e3f39c1e81ebd413ce08a","dataBusca":"2023-12-04T21:05:24.606Z","termoBuscado":"/joker/i","usuarioId":"655f9c190e25a3ced291e96a"},"level":"info","message":"busca registrada com sucesso!!!"}
{"level":"error","message":"Erro, token invalido"}
{"busca":{"__v":0,"_id":"656e3f4cc1e81ebd413ce091","dataBusca":"2023-12-04T21:05:24.606Z","termoBuscado":"/socket/i","usuarioId":"655f9b8f0e25a3ced291e968"},"level":"info","message":"busca registrada com sucesso!!!"}
{"filmeSalvo":{"__v":0,"_id":"656e3f5bc1e81ebd413ce094","dataLancamento":"2003-12-22T00:00:00.000Z","descricao":"asdasd","nome":"asdasd"},"level":"info","message":"Um filme foi adicionado"}
{"filmeSalvo":{"__v":0,"_id":"656e3f67c1e81ebd413ce097","dataLancamento":"2003-12-22T00:00:00.000Z","descricao":"asdasd","nome":"asdasd"},"level":"info","message":"Um filme foi adicionado"}
{"busca":{"__v":0,"_id":"656e43736c8a0770f718033b","dataBusca":"2023-12-04T21:23:08.239Z","termoBuscado":"/joker/i","usuarioId":"655f9b8f0e25a3ced291e968"},"level":"info","message":"busca registrada com sucesso!!!"}
{"filmeSalvo":{"__v":0,"_id":"656e43ab6c8a0770f7180340","dataLancamento":"2003-12-22T00:00:00.000Z","descricao":"asdasdasd","nome":"asdasd"},"level":"info","message":"Um filme foi adicionado"}
{"filmeSalvo":{"__v":0,"_id":"656e43c66c8a0770f7180345","dataLancamento":"2003-02-22T00:00:00.000Z","descricao":"asdasd","nome":"teste https"},"level":"info","message":"Um filme foi adicionado"}
{"busca":{"__v":0,"_id":"656e45d3adfdce544a9fdb0c","dataBusca":"2023-12-04T21:34:02.110Z","termoBuscado":"/joker/i","usuarioId":"655f9b8f0e25a3ced291e968"},"level":"info","message":"busca registrada com sucesso!!!"}
{"busca":{"__v":0,"_id":"656e4630adfdce544a9fdb13","dataBusca":"2023-12-04T21:34:02.110Z","termoBuscado":"/joker/i","usuarioId":"655f9b8f0e25a3ced291e968"},"level":"info","message":"busca registrada com sucesso!!!"}
{"filmeSalvo":{"__v":0,"_id":"656e4645adfdce544a9fdb19","dataLancamento":"2212-02-22T00:00:00.000Z","descricao":"asdasdasd","nome":"asdasd"},"level":"info","message":"Um filme foi adicionado"}
{"filmeSalvo":{"__v":0,"_id":"656e4654adfdce544a9fdb1c","dataLancamento":"2003-12-22T00:00:00.000Z","descricao":"asdasdasdasd","nome":"asdasds https"},"level":"info","message":"Um filme foi adicionado"}
